<?xml version="1.0" encoding="UTF-8"?>
<coverage generated="1658749577109" clover="3.2.0">
  <project timestamp="1658749577109" name="All files">
    <metrics statements="30" coveredstatements="30" conditionals="11" coveredconditionals="11" methods="7" coveredmethods="7" elements="48" coveredelements="48" complexity="0" loc="30" ncloc="30" packages="1" files="2" classes="2"/>
    <file name="account.js" path="/Users/joe/Projects/individual-challenges/bank-challenge/account.js">
      <metrics statements="23" coveredstatements="23" conditionals="5" coveredconditionals="5" methods="5" coveredmethods="5"/>
      <line num="1" count="1" type="stmt"/>
      <line num="6" count="7" type="stmt"/>
      <line num="7" count="7" type="stmt"/>
      <line num="8" count="7" type="stmt"/>
      <line num="12" count="6" type="stmt"/>
      <line num="13" count="6" type="stmt"/>
      <line num="14" count="6" type="stmt"/>
      <line num="15" count="6" type="stmt"/>
      <line num="16" count="6" type="stmt"/>
      <line num="20" count="4" type="stmt"/>
      <line num="21" count="4" type="cond" truecount="2" falsecount="0"/>
      <line num="22" count="3" type="stmt"/>
      <line num="23" count="3" type="stmt"/>
      <line num="24" count="3" type="stmt"/>
      <line num="25" count="3" type="stmt"/>
      <line num="29" count="2" type="stmt"/>
      <line num="30" count="2" type="stmt"/>
      <line num="31" count="2" type="cond" truecount="2" falsecount="0"/>
      <line num="32" count="1" type="stmt"/>
      <line num="33" count="1" type="stmt"/>
      <line num="36" count="1" type="stmt"/>
      <line num="41" count="19" type="stmt"/>
      <line num="46" count="1" type="stmt"/>
    </file>
    <file name="transaction.js" path="/Users/joe/Projects/individual-challenges/bank-challenge/transaction.js">
      <metrics statements="7" coveredstatements="7" conditionals="6" coveredconditionals="6" methods="2" coveredmethods="2"/>
      <line num="3" count="13" type="stmt"/>
      <line num="4" count="13" type="stmt"/>
      <line num="5" count="13" type="stmt"/>
      <line num="6" count="13" type="stmt"/>
      <line num="10" count="5" type="stmt"/>
      <line num="19" count="15" type="cond" truecount="2" falsecount="0"/>
      <line num="23" count="2" type="stmt"/>
    </file>
  </project>
</coverage>
