{"/Users/joe/Projects/individual-challenges/bank-challenge/account.js": {"path":"/Users/joe/Projects/individual-challenges/bank-challenge/account.js","statementMap":{"0":{"start":{"line":1,"column":20},"end":{"line":1,"column":44}},"1":{"start":{"line":6,"column":4},"end":{"line":6,"column":21}},"2":{"start":{"line":7,"column":4},"end":{"line":7,"column":35}},"3":{"start":{"line":8,"column":4},"end":{"line":8,"column":30}},"4":{"start":{"line":12,"column":25},"end":{"line":12,"column":50}},"5":{"start":{"line":13,"column":4},"end":{"line":13,"column":27}},"6":{"start":{"line":14,"column":27},"end":{"line":14,"column":85}},"7":{"start":{"line":15,"column":4},"end":{"line":15,"column":49}},"8":{"start":{"line":16,"column":4},"end":{"line":16,"column":87}},"9":{"start":{"line":20,"column":24},"end":{"line":20,"column":49}},"10":{"start":{"line":21,"column":4},"end":{"line":21,"column":78}},"11":{"start":{"line":21,"column":36},"end":{"line":21,"column":78}},"12":{"start":{"line":22,"column":4},"end":{"line":22,"column":27}},"13":{"start":{"line":23,"column":27},"end":{"line":23,"column":84}},"14":{"start":{"line":24,"column":4},"end":{"line":24,"column":49}},"15":{"start":{"line":25,"column":4},"end":{"line":25,"column":85}},"16":{"start":{"line":29,"column":20},"end":{"line":29,"column":58}},"17":{"start":{"line":30,"column":4},"end":{"line":30,"column":24}},"18":{"start":{"line":31,"column":4},"end":{"line":37,"column":5}},"19":{"start":{"line":32,"column":6},"end":{"line":34,"column":20}},"20":{"start":{"line":33,"column":8},"end":{"line":33,"column":44}},"21":{"start":{"line":36,"column":5},"end":{"line":36,"column":31}},"22":{"start":{"line":41,"column":4},"end":{"line":41,"column":28}},"23":{"start":{"line":46,"column":0},"end":{"line":46,"column":24}}},"fnMap":{"0":{"name":"(anonymous_0)","decl":{"start":{"line":5,"column":2},"end":{"line":5,"column":3}},"loc":{"start":{"line":5,"column":41},"end":{"line":9,"column":3}},"line":5},"1":{"name":"(anonymous_1)","decl":{"start":{"line":11,"column":2},"end":{"line":11,"column":3}},"loc":{"start":{"line":11,"column":18},"end":{"line":17,"column":3}},"line":11},"2":{"name":"(anonymous_2)","decl":{"start":{"line":19,"column":2},"end":{"line":19,"column":3}},"loc":{"start":{"line":19,"column":19},"end":{"line":26,"column":3}},"line":19},"3":{"name":"(anonymous_3)","decl":{"start":{"line":28,"column":2},"end":{"line":28,"column":3}},"loc":{"start":{"line":28,"column":19},"end":{"line":38,"column":3}},"line":28},"4":{"name":"(anonymous_4)","decl":{"start":{"line":32,"column":38},"end":{"line":32,"column":39}},"loc":{"start":{"line":32,"column":48},"end":{"line":34,"column":7}},"line":32}},"branchMap":{"0":{"loc":{"start":{"line":5,"column":14},"end":{"line":5,"column":39}},"type":"default-arg","locations":[{"start":{"line":5,"column":28},"end":{"line":5,"column":39}}],"line":5},"1":{"loc":{"start":{"line":21,"column":4},"end":{"line":21,"column":78}},"type":"if","locations":[{"start":{"line":21,"column":4},"end":{"line":21,"column":78}},{"start":{},"end":{}}],"line":21},"2":{"loc":{"start":{"line":31,"column":4},"end":{"line":37,"column":5}},"type":"if","locations":[{"start":{"line":31,"column":4},"end":{"line":37,"column":5}},{"start":{"line":35,"column":11},"end":{"line":37,"column":5}}],"line":31}},"s":{"0":1,"1":7,"2":7,"3":7,"4":6,"5":6,"6":6,"7":6,"8":6,"9":4,"10":4,"11":1,"12":3,"13":3,"14":3,"15":3,"16":1,"17":1,"18":1,"19":1,"20":1,"21":0,"22":19,"23":1},"f":{"0":7,"1":6,"2":4,"3":1,"4":1},"b":{"0":[7],"1":[1,3],"2":[1,0]},"_coverageSchema":"1a1c01bbd47fc00a2c39e90264f33305004495a9","hash":"162ac1841e2b77e5e57bd79bcf45a3a7bdc5d812"}
,"/Users/joe/Projects/individual-challenges/bank-challenge/transaction.js": {"path":"/Users/joe/Projects/individual-challenges/bank-challenge/transaction.js","statementMap":{"0":{"start":{"line":3,"column":4},"end":{"line":3,"column":72}},"1":{"start":{"line":4,"column":4},"end":{"line":4,"column":25}},"2":{"start":{"line":5,"column":4},"end":{"line":5,"column":23}},"3":{"start":{"line":6,"column":4},"end":{"line":6,"column":26}},"4":{"start":{"line":10,"column":4},"end":{"line":15,"column":17}},"5":{"start":{"line":19,"column":4},"end":{"line":19,"column":59}},"6":{"start":{"line":23,"column":0},"end":{"line":23,"column":29}}},"fnMap":{"0":{"name":"(anonymous_0)","decl":{"start":{"line":2,"column":2},"end":{"line":2,"column":3}},"loc":{"start":{"line":2,"column":68},"end":{"line":7,"column":3}},"line":2},"1":{"name":"(anonymous_1)","decl":{"start":{"line":9,"column":2},"end":{"line":9,"column":3}},"loc":{"start":{"line":9,"column":20},"end":{"line":16,"column":3}},"line":9}},"branchMap":{"0":{"loc":{"start":{"line":2,"column":14},"end":{"line":2,"column":66}},"type":"default-arg","locations":[{"start":{"line":2,"column":64},"end":{"line":2,"column":66}}],"line":2},"1":{"loc":{"start":{"line":2,"column":16},"end":{"line":2,"column":29}},"type":"default-arg","locations":[{"start":{"line":2,"column":25},"end":{"line":2,"column":29}}],"line":2},"2":{"loc":{"start":{"line":2,"column":31},"end":{"line":2,"column":43}},"type":"default-arg","locations":[{"start":{"line":2,"column":39},"end":{"line":2,"column":43}}],"line":2},"3":{"loc":{"start":{"line":2,"column":45},"end":{"line":2,"column":59}},"type":"default-arg","locations":[{"start":{"line":2,"column":55},"end":{"line":2,"column":59}}],"line":2},"4":{"loc":{"start":{"line":19,"column":12},"end":{"line":19,"column":57}},"type":"cond-expr","locations":[{"start":{"line":19,"column":29},"end":{"line":19,"column":50}},{"start":{"line":19,"column":53},"end":{"line":19,"column":57}}],"line":19}},"s":{"0":13,"1":13,"2":13,"3":13,"4":5,"5":15,"6":2},"f":{"0":13,"1":5},"b":{"0":[1],"1":[5],"2":[9],"3":[3],"4":[6,9]},"_coverageSchema":"1a1c01bbd47fc00a2c39e90264f33305004495a9","hash":"0bb6c3542c007c7a8dadc7623595c19f5e2eea9d"}
}
