TN:
SF:account.js
FN:5,(anonymous_0)
FN:11,(anonymous_1)
FN:19,(anonymous_2)
FN:28,(anonymous_3)
FN:32,(anonymous_4)
FNF:5
FNH:5
FNDA:7,(anonymous_0)
FNDA:6,(anonymous_1)
FNDA:4,(anonymous_2)
FNDA:1,(anonymous_3)
FNDA:1,(anonymous_4)
DA:1,1
DA:6,7
DA:7,7
DA:8,7
DA:12,6
DA:13,6
DA:14,6
DA:15,6
DA:16,6
DA:20,4
DA:21,4
DA:22,3
DA:23,3
DA:24,3
DA:25,3
DA:29,1
DA:30,1
DA:31,1
DA:32,1
DA:33,1
DA:36,0
DA:41,19
DA:46,1
LF:23
LH:22
BRDA:5,0,0,7
BRDA:21,1,0,1
BRDA:21,1,1,3
BRDA:31,2,0,1
BRDA:31,2,1,0
BRF:5
BRH:4
end_of_record
TN:
SF:transaction.js
FN:2,(anonymous_0)
FN:9,(anonymous_1)
FNF:2
FNH:2
FNDA:13,(anonymous_0)
FNDA:5,(anonymous_1)
DA:3,13
DA:4,13
DA:5,13
DA:6,13
DA:10,5
DA:19,15
DA:23,2
LF:7
LH:7
BRDA:2,0,0,1
BRDA:2,1,0,5
BRDA:2,2,0,9
BRDA:2,3,0,3
BRDA:19,4,0,6
BRDA:19,4,1,9
BRF:6
BRH:6
end_of_record
